<?xml version="1.0" encoding="UTF-8"?>
<!-- Generated by org.testng.reporters.JUnitReportReporter -->
<testsuite hostname="DESKTOP-FL1QLG9" failures="0" tests="1" name="TestNG.mainClass" time="2.616" errors="0" timestamp="2024-12-17T10:20:37 GMT" skipped="0">
  <testcase classname="TestNG.mainClass" name="TestGoogle" time="2.616"/>
</testsuite> <!-- TestNG.mainClass -->
